<?xml version="1.0" encoding="UTF-8"?>
<!-- Generated by org.testng.reporters.JUnitReportReporter -->
<testsuite skipped="0" hostname="ARC" name="com.selenium.interview.com.selenium.interview.RestAssuredInteview" tests="2" failures="0" timestamp="27 Jul 2020 11:56:01 GMT" time="16.118" errors="0">
  <testcase name="postRequest" time="2.371" classname="com.selenium.interview.com.selenium.interview.RestAssuredInteview"/>
  <testcase name="getRequest" time="13.747" classname="com.selenium.interview.com.selenium.interview.RestAssuredInteview"/>
</testsuite> <!-- com.selenium.interview.com.selenium.interview.RestAssuredInteview -->
