<?xml version="1.0" encoding="UTF-8"?>
<!-- Generated by org.testng.reporters.JUnitReportReporter -->
<testsuite skipped="0" hostname="ARC" name="com.selenium.interview.com.selenium.interview.ConnectDatabaseThroughJdbc" tests="1" failures="0" timestamp="27 Jul 2020 12:08:08 GMT" time="0.056" errors="0">
  <testcase name="establishConnection" time="0.056" classname="com.selenium.interview.com.selenium.interview.ConnectDatabaseThroughJdbc"/>
</testsuite> <!-- com.selenium.interview.com.selenium.interview.ConnectDatabaseThroughJdbc -->
